2023-04-24 12:04:16,955 INFO com.capstone.project.EmployeeManagementSystemApplication [main] Starting EmployeeManagementSystemApplication using Java 17.0.6 on DESKTOP-HMFA63M with PID 9668 (C:\Users\gadha\OneDrive\Desktop\capstone\employee-management-system\target\classes started by gadha in C:\Users\gadha\OneDrive\Desktop\capstone\employee-management-system)
2023-04-24 12:04:16,959 INFO com.capstone.project.EmployeeManagementSystemApplication [main] No active profile set, falling back to 1 default profile: "default"
2023-04-24 12:04:17,586 INFO org.springframework.data.repository.config.RepositoryConfigurationDelegate [main] Bootstrapping Spring Data JPA repositories in DEFAULT mode.
2023-04-24 12:04:17,719 INFO org.springframework.data.repository.config.RepositoryConfigurationDelegate [main] Finished Spring Data repository scanning in 125 ms. Found 1 JPA repository interfaces.
2023-04-24 12:04:18,167 INFO org.springframework.boot.web.embedded.tomcat.TomcatWebServer [main] Tomcat initialized with port(s): 8089 (http)
2023-04-24 12:04:18,179 INFO org.apache.catalina.core.StandardService [main] Starting service [Tomcat]
2023-04-24 12:04:18,179 INFO org.apache.catalina.core.StandardEngine [main] Starting Servlet engine: [Apache Tomcat/9.0.74]
2023-04-24 12:04:18,328 INFO org.apache.catalina.core.ContainerBase.[Tomcat].[localhost].[/] [main] Initializing Spring embedded WebApplicationContext
2023-04-24 12:04:18,328 INFO org.springframework.boot.web.servlet.context.ServletWebServerApplicationContext [main] Root WebApplicationContext: initialization completed in 1312 ms
2023-04-24 12:04:18,485 INFO org.hibernate.jpa.internal.util.LogHelper [main] HHH000204: Processing PersistenceUnitInfo [name: default]
2023-04-24 12:04:18,527 INFO org.hibernate.Version [main] HHH000412: Hibernate ORM core version 5.6.15.Final
2023-04-24 12:04:18,711 INFO org.hibernate.annotations.common.Version [main] HCANN000001: Hibernate Commons Annotations {5.1.2.Final}
2023-04-24 12:04:18,803 INFO com.zaxxer.hikari.HikariDataSource [main] HikariPool-1 - Starting...
2023-04-24 12:04:19,104 INFO com.zaxxer.hikari.HikariDataSource [main] HikariPool-1 - Start completed.
2023-04-24 12:04:19,132 INFO org.hibernate.dialect.Dialect [main] HHH000400: Using dialect: org.hibernate.dialect.MySQL8Dialect
2023-04-24 12:04:19,692 INFO org.hibernate.engine.transaction.jta.platform.internal.JtaPlatformInitiator [main] HHH000490: Using JtaPlatform implementation: [org.hibernate.engine.transaction.jta.platform.internal.NoJtaPlatform]
2023-04-24 12:04:19,701 INFO org.springframework.orm.jpa.LocalContainerEntityManagerFactoryBean [main] Initialized JPA EntityManagerFactory for persistence unit 'default'
2023-04-24 12:04:19,987 WARN org.springframework.boot.autoconfigure.orm.jpa.JpaBaseConfiguration$JpaWebConfiguration [main] spring.jpa.open-in-view is enabled by default. Therefore, database queries may be performed during view rendering. Explicitly configure spring.jpa.open-in-view to disable this warning
2023-04-24 12:04:20,768 INFO org.springframework.boot.web.embedded.tomcat.TomcatWebServer [main] Tomcat started on port(s): 8089 (http) with context path ''
2023-04-24 12:04:20,778 INFO com.capstone.project.EmployeeManagementSystemApplication [main] Started EmployeeManagementSystemApplication in 4.214 seconds (JVM running for 5.024)
2023-04-24 12:08:00,477 INFO org.apache.catalina.core.ContainerBase.[Tomcat].[localhost].[/] [http-nio-8089-exec-1] Initializing Spring DispatcherServlet 'dispatcherServlet'
2023-04-24 12:08:00,478 INFO org.springframework.web.servlet.DispatcherServlet [http-nio-8089-exec-1] Initializing Servlet 'dispatcherServlet'
2023-04-24 12:08:00,479 INFO org.springframework.web.servlet.DispatcherServlet [http-nio-8089-exec-1] Completed initialization in 1 ms
2023-04-24 12:08:00,519 INFO com.capstone.project.controller.EmployeeController [http-nio-8089-exec-1] Record of employeeId(3)is called
2023-04-24 12:09:22,023 INFO com.capstone.project.controller.EmployeeController [http-nio-8089-exec-6] Record of employeeId(2)is called
2023-04-24 12:16:57,969 INFO org.springframework.boot.admin.SpringApplicationAdminMXBeanRegistrar$SpringApplicationAdmin [RMI TCP Connection(23)-127.0.0.1] Application shutdown requested.
2023-04-24 12:16:57,984 INFO org.apache.catalina.core.StandardService [RMI TCP Connection(23)-127.0.0.1] Stopping service [Tomcat]
2023-04-24 12:16:57,985 INFO org.apache.catalina.core.ContainerBase.[Tomcat].[localhost].[/] [RMI TCP Connection(23)-127.0.0.1] Destroying Spring FrameworkServlet 'dispatcherServlet'
2023-04-24 12:16:58,013 INFO org.springframework.orm.jpa.LocalContainerEntityManagerFactoryBean [RMI TCP Connection(23)-127.0.0.1] Closing JPA EntityManagerFactory for persistence unit 'default'
2023-04-24 12:16:58,015 INFO com.zaxxer.hikari.HikariDataSource [RMI TCP Connection(23)-127.0.0.1] HikariPool-1 - Shutdown initiated...
2023-04-24 12:16:58,022 INFO com.zaxxer.hikari.HikariDataSource [RMI TCP Connection(23)-127.0.0.1] HikariPool-1 - Shutdown completed.
2023-04-24 12:32:36,617 INFO com.capstone.project.EmployeeManagementSystemApplication [main] Starting EmployeeManagementSystemApplication using Java 17.0.6 on DESKTOP-HMFA63M with PID 10088 (C:\Users\gadha\OneDrive\Desktop\capstone\employee-management-system\target\classes started by gadha in C:\Users\gadha\OneDrive\Desktop\capstone\employee-management-system)
2023-04-24 12:32:36,621 INFO com.capstone.project.EmployeeManagementSystemApplication [main] No active profile set, falling back to 1 default profile: "default"
2023-04-24 12:32:37,442 INFO org.springframework.data.repository.config.RepositoryConfigurationDelegate [main] Bootstrapping Spring Data JPA repositories in DEFAULT mode.
2023-04-24 12:32:37,623 INFO org.springframework.data.repository.config.RepositoryConfigurationDelegate [main] Finished Spring Data repository scanning in 169 ms. Found 1 JPA repository interfaces.
2023-04-24 12:32:38,227 INFO org.springframework.boot.web.embedded.tomcat.TomcatWebServer [main] Tomcat initialized with port(s): 8089 (http)
2023-04-24 12:32:38,243 INFO org.apache.catalina.core.StandardService [main] Starting service [Tomcat]
2023-04-24 12:32:38,243 INFO org.apache.catalina.core.StandardEngine [main] Starting Servlet engine: [Apache Tomcat/9.0.74]
2023-04-24 12:32:38,389 INFO org.apache.catalina.core.ContainerBase.[Tomcat].[localhost].[/] [main] Initializing Spring embedded WebApplicationContext
2023-04-24 12:32:38,389 INFO org.springframework.boot.web.servlet.context.ServletWebServerApplicationContext [main] Root WebApplicationContext: initialization completed in 1701 ms
2023-04-24 12:32:38,624 INFO org.hibernate.jpa.internal.util.LogHelper [main] HHH000204: Processing PersistenceUnitInfo [name: default]
2023-04-24 12:32:38,731 INFO org.hibernate.Version [main] HHH000412: Hibernate ORM core version 5.6.15.Final
2023-04-24 12:32:38,981 INFO org.hibernate.annotations.common.Version [main] HCANN000001: Hibernate Commons Annotations {5.1.2.Final}
2023-04-24 12:32:39,132 INFO com.zaxxer.hikari.HikariDataSource [main] HikariPool-1 - Starting...
2023-04-24 12:32:39,531 INFO com.zaxxer.hikari.HikariDataSource [main] HikariPool-1 - Start completed.
2023-04-24 12:32:39,572 INFO org.hibernate.dialect.Dialect [main] HHH000400: Using dialect: org.hibernate.dialect.MySQL8Dialect
2023-04-24 12:32:40,324 INFO org.hibernate.engine.transaction.jta.platform.internal.JtaPlatformInitiator [main] HHH000490: Using JtaPlatform implementation: [org.hibernate.engine.transaction.jta.platform.internal.NoJtaPlatform]
2023-04-24 12:32:40,335 INFO org.springframework.orm.jpa.LocalContainerEntityManagerFactoryBean [main] Initialized JPA EntityManagerFactory for persistence unit 'default'
2023-04-24 12:32:40,706 WARN org.springframework.boot.autoconfigure.orm.jpa.JpaBaseConfiguration$JpaWebConfiguration [main] spring.jpa.open-in-view is enabled by default. Therefore, database queries may be performed during view rendering. Explicitly configure spring.jpa.open-in-view to disable this warning
2023-04-24 12:32:41,653 INFO org.springframework.boot.web.embedded.tomcat.TomcatWebServer [main] Tomcat started on port(s): 8089 (http) with context path ''
2023-04-24 12:32:41,664 INFO com.capstone.project.EmployeeManagementSystemApplication [main] Started EmployeeManagementSystemApplication in 5.499 seconds (JVM running for 6.405)
2023-04-24 12:33:54,145 INFO org.apache.catalina.core.ContainerBase.[Tomcat].[localhost].[/] [http-nio-8089-exec-1] Initializing Spring DispatcherServlet 'dispatcherServlet'
2023-04-24 12:33:54,147 INFO org.springframework.web.servlet.DispatcherServlet [http-nio-8089-exec-1] Initializing Servlet 'dispatcherServlet'
2023-04-24 12:33:54,149 INFO org.springframework.web.servlet.DispatcherServlet [http-nio-8089-exec-1] Completed initialization in 2 ms
2023-04-24 12:33:54,182 INFO com.capstone.project.controller.EmployeeController [http-nio-8089-exec-1] Record of employeeId(16)is called
2023-04-24 12:34:20,791 INFO com.capstone.project.controller.EmployeeController [http-nio-8089-exec-5] Record of employeeId(16)is called
2023-04-24 12:34:33,928 INFO com.capstone.project.controller.EmployeeController [http-nio-8089-exec-6] Record of employeeId(16)is called
2023-04-24 12:34:42,054 INFO com.capstone.project.controller.EmployeeController [http-nio-8089-exec-8] Record of employeeId(17)is called
2023-04-24 13:04:49,767 INFO org.springframework.boot.admin.SpringApplicationAdminMXBeanRegistrar$SpringApplicationAdmin [RMI TCP Connection(40)-127.0.0.1] Application shutdown requested.
2023-04-24 13:04:49,781 INFO org.apache.catalina.core.StandardService [RMI TCP Connection(40)-127.0.0.1] Stopping service [Tomcat]
2023-04-24 13:04:49,783 INFO org.apache.catalina.core.ContainerBase.[Tomcat].[localhost].[/] [RMI TCP Connection(40)-127.0.0.1] Destroying Spring FrameworkServlet 'dispatcherServlet'
2023-04-24 13:04:49,811 INFO org.springframework.orm.jpa.LocalContainerEntityManagerFactoryBean [RMI TCP Connection(40)-127.0.0.1] Closing JPA EntityManagerFactory for persistence unit 'default'
2023-04-24 13:04:49,813 INFO com.zaxxer.hikari.HikariDataSource [RMI TCP Connection(40)-127.0.0.1] HikariPool-1 - Shutdown initiated...
2023-04-24 13:04:49,818 INFO com.zaxxer.hikari.HikariDataSource [RMI TCP Connection(40)-127.0.0.1] HikariPool-1 - Shutdown completed.
2023-04-24 13:25:22,269 INFO com.capstone.project.EmployeeManagementSystemApplication [main] Starting EmployeeManagementSystemApplication using Java 17.0.6 on DESKTOP-HMFA63M with PID 11136 (C:\Users\gadha\OneDrive\Desktop\capstone\employee-management-system\target\classes started by gadha in C:\Users\gadha\OneDrive\Desktop\capstone\employee-management-system)
2023-04-24 13:25:22,272 INFO com.capstone.project.EmployeeManagementSystemApplication [main] No active profile set, falling back to 1 default profile: "default"
2023-04-24 13:25:22,879 INFO org.springframework.data.repository.config.RepositoryConfigurationDelegate [main] Bootstrapping Spring Data JPA repositories in DEFAULT mode.
2023-04-24 13:25:23,013 INFO org.springframework.data.repository.config.RepositoryConfigurationDelegate [main] Finished Spring Data repository scanning in 126 ms. Found 1 JPA repository interfaces.
2023-04-24 13:25:23,527 INFO org.springframework.boot.web.embedded.tomcat.TomcatWebServer [main] Tomcat initialized with port(s): 8089 (https)
2023-04-24 13:25:23,541 INFO org.apache.catalina.core.StandardService [main] Starting service [Tomcat]
2023-04-24 13:25:23,541 INFO org.apache.catalina.core.StandardEngine [main] Starting Servlet engine: [Apache Tomcat/9.0.74]
2023-04-24 13:25:23,667 INFO org.apache.catalina.core.ContainerBase.[Tomcat].[localhost].[/] [main] Initializing Spring embedded WebApplicationContext
2023-04-24 13:25:23,668 INFO org.springframework.boot.web.servlet.context.ServletWebServerApplicationContext [main] Root WebApplicationContext: initialization completed in 1349 ms
2023-04-24 13:25:23,847 INFO org.hibernate.jpa.internal.util.LogHelper [main] HHH000204: Processing PersistenceUnitInfo [name: default]
2023-04-24 13:25:23,944 INFO org.hibernate.Version [main] HHH000412: Hibernate ORM core version 5.6.15.Final
2023-04-24 13:25:24,178 INFO org.hibernate.annotations.common.Version [main] HCANN000001: Hibernate Commons Annotations {5.1.2.Final}
2023-04-24 13:25:24,296 INFO com.zaxxer.hikari.HikariDataSource [main] HikariPool-1 - Starting...
2023-04-24 13:25:24,632 INFO com.zaxxer.hikari.HikariDataSource [main] HikariPool-1 - Start completed.
2023-04-24 13:25:24,672 INFO org.hibernate.dialect.Dialect [main] HHH000400: Using dialect: org.hibernate.dialect.MySQL8Dialect
2023-04-24 13:25:25,357 INFO org.hibernate.engine.transaction.jta.platform.internal.JtaPlatformInitiator [main] HHH000490: Using JtaPlatform implementation: [org.hibernate.engine.transaction.jta.platform.internal.NoJtaPlatform]
2023-04-24 13:25:25,366 INFO org.springframework.orm.jpa.LocalContainerEntityManagerFactoryBean [main] Initialized JPA EntityManagerFactory for persistence unit 'default'
2023-04-24 13:25:25,653 WARN org.springframework.boot.autoconfigure.orm.jpa.JpaBaseConfiguration$JpaWebConfiguration [main] spring.jpa.open-in-view is enabled by default. Therefore, database queries may be performed during view rendering. Explicitly configure spring.jpa.open-in-view to disable this warning
2023-04-24 13:25:26,459 WARN org.springframework.boot.web.servlet.context.AnnotationConfigServletWebServerApplicationContext [main] Exception encountered during context initialization - cancelling refresh attempt: org.springframework.context.ApplicationContextException: Failed to start bean 'webServerStartStop'; nested exception is org.springframework.boot.web.server.WebServerException: Unable to start embedded Tomcat server
2023-04-24 13:25:26,473 INFO org.springframework.orm.jpa.LocalContainerEntityManagerFactoryBean [main] Closing JPA EntityManagerFactory for persistence unit 'default'
2023-04-24 13:25:26,475 INFO com.zaxxer.hikari.HikariDataSource [main] HikariPool-1 - Shutdown initiated...
2023-04-24 13:25:26,483 INFO com.zaxxer.hikari.HikariDataSource [main] HikariPool-1 - Shutdown completed.
2023-04-24 13:25:26,485 INFO org.apache.catalina.core.StandardService [main] Stopping service [Tomcat]
2023-04-24 13:25:26,497 INFO org.springframework.boot.autoconfigure.logging.ConditionEvaluationReportLoggingListener [main] 

Error starting ApplicationContext. To display the conditions report re-run your application with 'debug' enabled.
2023-04-24 13:25:26,524 ERROR org.springframework.boot.SpringApplication [main] Application run failed
org.springframework.context.ApplicationContextException: Failed to start bean 'webServerStartStop'; nested exception is org.springframework.boot.web.server.WebServerException: Unable to start embedded Tomcat server
	at org.springframework.context.support.DefaultLifecycleProcessor.doStart(DefaultLifecycleProcessor.java:181)
	at org.springframework.context.support.DefaultLifecycleProcessor.access$200(DefaultLifecycleProcessor.java:54)
	at org.springframework.context.support.DefaultLifecycleProcessor$LifecycleGroup.start(DefaultLifecycleProcessor.java:356)
	at java.base/java.lang.Iterable.forEach(Iterable.java:75)
	at org.springframework.context.support.DefaultLifecycleProcessor.startBeans(DefaultLifecycleProcessor.java:155)
	at org.springframework.context.support.DefaultLifecycleProcessor.onRefresh(DefaultLifecycleProcessor.java:123)
	at org.springframework.context.support.AbstractApplicationContext.finishRefresh(AbstractApplicationContext.java:937)
	at org.springframework.context.support.AbstractApplicationContext.refresh(AbstractApplicationContext.java:586)
	at org.springframework.boot.web.servlet.context.ServletWebServerApplicationContext.refresh(ServletWebServerApplicationContext.java:147)
	at org.springframework.boot.SpringApplication.refresh(SpringApplication.java:731)
	at org.springframework.boot.SpringApplication.refreshContext(SpringApplication.java:408)
	at org.springframework.boot.SpringApplication.run(SpringApplication.java:307)
	at org.springframework.boot.SpringApplication.run(SpringApplication.java:1303)
	at org.springframework.boot.SpringApplication.run(SpringApplication.java:1292)
	at com.capstone.project.EmployeeManagementSystemApplication.main(EmployeeManagementSystemApplication.java:10)
Caused by: org.springframework.boot.web.server.WebServerException: Unable to start embedded Tomcat server
	at org.springframework.boot.web.embedded.tomcat.TomcatWebServer.start(TomcatWebServer.java:229)
	at org.springframework.boot.web.servlet.context.WebServerStartStopLifecycle.start(WebServerStartStopLifecycle.java:43)
	at org.springframework.context.support.DefaultLifecycleProcessor.doStart(DefaultLifecycleProcessor.java:178)
	... 14 common frames omitted
Caused by: java.lang.IllegalArgumentException: standardService.connector.startFailed
	at org.apache.catalina.core.StandardService.addConnector(StandardService.java:235)
	at org.springframework.boot.web.embedded.tomcat.TomcatWebServer.addPreviouslyRemovedConnectors(TomcatWebServer.java:282)
	at org.springframework.boot.web.embedded.tomcat.TomcatWebServer.start(TomcatWebServer.java:213)
	... 16 common frames omitted
Caused by: org.apache.catalina.LifecycleException: Protocol handler start failed
	at org.apache.catalina.connector.Connector.startInternal(Connector.java:1039)
	at org.apache.catalina.util.LifecycleBase.start(LifecycleBase.java:183)
	at org.apache.catalina.core.StandardService.addConnector(StandardService.java:232)
	... 18 common frames omitted
Caused by: java.lang.IllegalArgumentException: Keystore was tampered with, or password was incorrect
	at org.apache.tomcat.util.net.AbstractJsseEndpoint.createSSLContext(AbstractJsseEndpoint.java:107)
	at org.apache.tomcat.util.net.AbstractJsseEndpoint.initialiseSsl(AbstractJsseEndpoint.java:71)
	at org.apache.tomcat.util.net.NioEndpoint.bind(NioEndpoint.java:236)
	at org.apache.tomcat.util.net.AbstractEndpoint.bindWithCleanup(AbstractEndpoint.java:1302)
	at org.apache.tomcat.util.net.AbstractEndpoint.start(AbstractEndpoint.java:1388)
	at org.apache.coyote.AbstractProtocol.start(AbstractProtocol.java:663)
	at org.apache.catalina.connector.Connector.startInternal(Connector.java:1037)
	... 20 common frames omitted
Caused by: java.io.IOException: Keystore was tampered with, or password was incorrect
	at java.base/sun.security.provider.JavaKeyStore.engineLoad(JavaKeyStore.java:813)
	at java.base/sun.security.util.KeyStoreDelegator.engineLoad(KeyStoreDelegator.java:221)
	at java.base/java.security.KeyStore.load(KeyStore.java:1473)
	at org.apache.tomcat.util.security.KeyStoreUtil.load(KeyStoreUtil.java:69)
	at org.apache.tomcat.util.net.SSLUtilBase.getStore(SSLUtilBase.java:218)
	at org.apache.tomcat.util.net.SSLHostConfigCertificate.getCertificateKeystore(SSLHostConfigCertificate.java:207)
	at org.apache.tomcat.util.net.SSLUtilBase.getKeyManagers(SSLUtilBase.java:282)
	at org.apache.tomcat.util.net.SSLUtilBase.createSSLContext(SSLUtilBase.java:246)
	at org.apache.tomcat.util.net.AbstractJsseEndpoint.createSSLContext(AbstractJsseEndpoint.java:105)
	... 26 common frames omitted
Caused by: java.security.UnrecoverableKeyException: Password verification failed
	at java.base/sun.security.provider.JavaKeyStore.engineLoad(JavaKeyStore.java:811)
	... 34 common frames omitted
2023-04-24 13:30:14,855 INFO com.capstone.project.EmployeeManagementSystemApplication [main] Starting EmployeeManagementSystemApplication using Java 17.0.6 on DESKTOP-HMFA63M with PID 5448 (C:\Users\gadha\OneDrive\Desktop\capstone\employee-management-system\target\classes started by gadha in C:\Users\gadha\OneDrive\Desktop\capstone\employee-management-system)
2023-04-24 13:30:14,857 INFO com.capstone.project.EmployeeManagementSystemApplication [main] No active profile set, falling back to 1 default profile: "default"
2023-04-24 13:30:15,473 INFO org.springframework.data.repository.config.RepositoryConfigurationDelegate [main] Bootstrapping Spring Data JPA repositories in DEFAULT mode.
2023-04-24 13:30:15,601 INFO org.springframework.data.repository.config.RepositoryConfigurationDelegate [main] Finished Spring Data repository scanning in 120 ms. Found 1 JPA repository interfaces.
2023-04-24 13:30:16,059 INFO org.springframework.boot.web.embedded.tomcat.TomcatWebServer [main] Tomcat initialized with port(s): 8089 (http)
2023-04-24 13:30:16,067 INFO org.apache.catalina.core.StandardService [main] Starting service [Tomcat]
2023-04-24 13:30:16,067 INFO org.apache.catalina.core.StandardEngine [main] Starting Servlet engine: [Apache Tomcat/9.0.74]
2023-04-24 13:30:16,173 INFO org.apache.catalina.core.ContainerBase.[Tomcat].[localhost].[/] [main] Initializing Spring embedded WebApplicationContext
2023-04-24 13:30:16,174 INFO org.springframework.boot.web.servlet.context.ServletWebServerApplicationContext [main] Root WebApplicationContext: initialization completed in 1267 ms
2023-04-24 13:30:16,321 INFO org.hibernate.jpa.internal.util.LogHelper [main] HHH000204: Processing PersistenceUnitInfo [name: default]
2023-04-24 13:30:16,362 INFO org.hibernate.Version [main] HHH000412: Hibernate ORM core version 5.6.15.Final
2023-04-24 13:30:16,500 INFO org.hibernate.annotations.common.Version [main] HCANN000001: Hibernate Commons Annotations {5.1.2.Final}
2023-04-24 13:30:16,584 INFO com.zaxxer.hikari.HikariDataSource [main] HikariPool-1 - Starting...
2023-04-24 13:30:16,879 INFO com.zaxxer.hikari.HikariDataSource [main] HikariPool-1 - Start completed.
2023-04-24 13:30:16,907 INFO org.hibernate.dialect.Dialect [main] HHH000400: Using dialect: org.hibernate.dialect.MySQL8Dialect
2023-04-24 13:30:17,465 INFO org.hibernate.engine.transaction.jta.platform.internal.JtaPlatformInitiator [main] HHH000490: Using JtaPlatform implementation: [org.hibernate.engine.transaction.jta.platform.internal.NoJtaPlatform]
2023-04-24 13:30:17,474 INFO org.springframework.orm.jpa.LocalContainerEntityManagerFactoryBean [main] Initialized JPA EntityManagerFactory for persistence unit 'default'
2023-04-24 13:30:17,770 WARN org.springframework.boot.autoconfigure.orm.jpa.JpaBaseConfiguration$JpaWebConfiguration [main] spring.jpa.open-in-view is enabled by default. Therefore, database queries may be performed during view rendering. Explicitly configure spring.jpa.open-in-view to disable this warning
2023-04-24 13:30:18,563 INFO org.springframework.boot.web.embedded.tomcat.TomcatWebServer [main] Tomcat started on port(s): 8089 (http) with context path ''
2023-04-24 13:30:18,573 INFO com.capstone.project.EmployeeManagementSystemApplication [main] Started EmployeeManagementSystemApplication in 4.111 seconds (JVM running for 4.876)
2023-04-24 13:30:29,846 INFO org.apache.catalina.core.ContainerBase.[Tomcat].[localhost].[/] [http-nio-8089-exec-2] Initializing Spring DispatcherServlet 'dispatcherServlet'
2023-04-24 13:30:29,846 INFO org.springframework.web.servlet.DispatcherServlet [http-nio-8089-exec-2] Initializing Servlet 'dispatcherServlet'
2023-04-24 13:30:29,848 INFO org.springframework.web.servlet.DispatcherServlet [http-nio-8089-exec-2] Completed initialization in 1 ms
2023-04-24 13:30:29,883 INFO com.capstone.project.controller.EmployeeController [http-nio-8089-exec-2] Record of employeeId(11)is called
2023-04-24 13:30:38,889 INFO org.springframework.boot.admin.SpringApplicationAdminMXBeanRegistrar$SpringApplicationAdmin [RMI TCP Connection(8)-127.0.0.1] Application shutdown requested.
2023-04-24 13:30:38,902 INFO org.apache.catalina.core.StandardService [RMI TCP Connection(8)-127.0.0.1] Stopping service [Tomcat]
2023-04-24 13:30:38,904 INFO org.apache.catalina.core.ContainerBase.[Tomcat].[localhost].[/] [RMI TCP Connection(8)-127.0.0.1] Destroying Spring FrameworkServlet 'dispatcherServlet'
2023-04-24 13:30:38,922 INFO org.springframework.orm.jpa.LocalContainerEntityManagerFactoryBean [RMI TCP Connection(8)-127.0.0.1] Closing JPA EntityManagerFactory for persistence unit 'default'
2023-04-24 13:30:38,924 INFO com.zaxxer.hikari.HikariDataSource [RMI TCP Connection(8)-127.0.0.1] HikariPool-1 - Shutdown initiated...
2023-04-24 13:30:38,931 INFO com.zaxxer.hikari.HikariDataSource [RMI TCP Connection(8)-127.0.0.1] HikariPool-1 - Shutdown completed.
2023-04-24 14:54:39,935 INFO com.capstone.project.EmployeeManagementSystemApplication [main] Starting EmployeeManagementSystemApplication using Java 17.0.6 on DESKTOP-HMFA63M with PID 11464 (C:\Users\gadha\OneDrive\Desktop\capstone\employee-management-system\target\classes started by gadha in C:\Users\gadha\OneDrive\Desktop\capstone\employee-management-system)
2023-04-24 14:54:39,944 INFO com.capstone.project.EmployeeManagementSystemApplication [main] No active profile set, falling back to 1 default profile: "default"
2023-04-24 14:54:41,370 INFO org.springframework.data.repository.config.RepositoryConfigurationDelegate [main] Bootstrapping Spring Data JPA repositories in DEFAULT mode.
2023-04-24 14:54:41,671 INFO org.springframework.data.repository.config.RepositoryConfigurationDelegate [main] Finished Spring Data repository scanning in 284 ms. Found 1 JPA repository interfaces.
2023-04-24 14:54:42,733 INFO org.springframework.boot.web.embedded.tomcat.TomcatWebServer [main] Tomcat initialized with port(s): 8089 (https)
2023-04-24 14:54:42,755 INFO org.apache.catalina.core.StandardService [main] Starting service [Tomcat]
2023-04-24 14:54:42,756 INFO org.apache.catalina.core.StandardEngine [main] Starting Servlet engine: [Apache Tomcat/9.0.74]
2023-04-24 14:54:43,036 INFO org.apache.catalina.core.ContainerBase.[Tomcat].[localhost].[/] [main] Initializing Spring embedded WebApplicationContext
2023-04-24 14:54:43,037 INFO org.springframework.boot.web.servlet.context.ServletWebServerApplicationContext [main] Root WebApplicationContext: initialization completed in 2970 ms
2023-04-24 14:54:43,399 INFO org.hibernate.jpa.internal.util.LogHelper [main] HHH000204: Processing PersistenceUnitInfo [name: default]
2023-04-24 14:54:43,531 INFO org.hibernate.Version [main] HHH000412: Hibernate ORM core version 5.6.15.Final
2023-04-24 14:54:43,903 INFO org.hibernate.annotations.common.Version [main] HCANN000001: Hibernate Commons Annotations {5.1.2.Final}
2023-04-24 14:54:44,149 INFO com.zaxxer.hikari.HikariDataSource [main] HikariPool-1 - Starting...
2023-04-24 14:54:44,778 INFO com.zaxxer.hikari.HikariDataSource [main] HikariPool-1 - Start completed.
2023-04-24 14:54:44,853 INFO org.hibernate.dialect.Dialect [main] HHH000400: Using dialect: org.hibernate.dialect.MySQL8Dialect
2023-04-24 14:54:45,985 INFO org.hibernate.engine.transaction.jta.platform.internal.JtaPlatformInitiator [main] HHH000490: Using JtaPlatform implementation: [org.hibernate.engine.transaction.jta.platform.internal.NoJtaPlatform]
2023-04-24 14:54:46,006 INFO org.springframework.orm.jpa.LocalContainerEntityManagerFactoryBean [main] Initialized JPA EntityManagerFactory for persistence unit 'default'
2023-04-24 14:54:46,605 WARN org.springframework.boot.autoconfigure.orm.jpa.JpaBaseConfiguration$JpaWebConfiguration [main] spring.jpa.open-in-view is enabled by default. Therefore, database queries may be performed during view rendering. Explicitly configure spring.jpa.open-in-view to disable this warning
2023-04-24 14:54:48,254 INFO org.apache.tomcat.util.net.NioEndpoint.certificate [main] Connector [https-jsse-nio-8089], TLS virtual host [_default_], certificate type [UNDEFINED] configured from [file:/C:/Users/gadha/OneDrive/Desktop/capstone/employee-management-system/target/classes/employee.jks] using alias [Spring-https] and with trust store [null]
2023-04-24 14:54:48,293 INFO org.springframework.boot.web.embedded.tomcat.TomcatWebServer [main] Tomcat started on port(s): 8089 (https) with context path ''
2023-04-24 14:54:48,315 INFO com.capstone.project.EmployeeManagementSystemApplication [main] Started EmployeeManagementSystemApplication in 9.363 seconds (JVM running for 10.939)
2023-04-24 14:55:44,230 INFO org.apache.catalina.core.ContainerBase.[Tomcat].[localhost].[/] [https-jsse-nio-8089-exec-5] Initializing Spring DispatcherServlet 'dispatcherServlet'
2023-04-24 14:55:44,231 INFO org.springframework.web.servlet.DispatcherServlet [https-jsse-nio-8089-exec-5] Initializing Servlet 'dispatcherServlet'
2023-04-24 14:55:44,234 INFO org.springframework.web.servlet.DispatcherServlet [https-jsse-nio-8089-exec-5] Completed initialization in 3 ms
2023-04-24 14:55:44,300 INFO com.capstone.project.controller.EmployeeController [https-jsse-nio-8089-exec-5] Record of employeeId(16)is called
2023-04-24 14:59:53,363 INFO com.capstone.project.controller.EmployeeController [https-jsse-nio-8089-exec-1] Record of employeeId(5)is called
2023-04-24 15:01:20,310 INFO org.springframework.boot.admin.SpringApplicationAdminMXBeanRegistrar$SpringApplicationAdmin [RMI TCP Connection(16)-127.0.0.1] Application shutdown requested.
2023-04-24 15:01:20,326 INFO org.apache.catalina.core.StandardService [RMI TCP Connection(16)-127.0.0.1] Stopping service [Tomcat]
2023-04-24 15:01:20,328 INFO org.apache.catalina.core.ContainerBase.[Tomcat].[localhost].[/] [RMI TCP Connection(16)-127.0.0.1] Destroying Spring FrameworkServlet 'dispatcherServlet'
2023-04-24 15:01:20,367 INFO org.springframework.orm.jpa.LocalContainerEntityManagerFactoryBean [RMI TCP Connection(16)-127.0.0.1] Closing JPA EntityManagerFactory for persistence unit 'default'
2023-04-24 15:01:20,371 INFO com.zaxxer.hikari.HikariDataSource [RMI TCP Connection(16)-127.0.0.1] HikariPool-1 - Shutdown initiated...
2023-04-24 15:01:20,386 INFO com.zaxxer.hikari.HikariDataSource [RMI TCP Connection(16)-127.0.0.1] HikariPool-1 - Shutdown completed.
2023-04-24 15:14:11,201 INFO com.capstone.project.EmployeeManagementSystemApplication [main] Starting EmployeeManagementSystemApplication using Java 17.0.6 on DESKTOP-HMFA63M with PID 9732 (C:\Users\gadha\OneDrive\Desktop\capstone\employee-management-system\target\classes started by gadha in C:\Users\gadha\OneDrive\Desktop\capstone\employee-management-system)
2023-04-24 15:14:11,205 INFO com.capstone.project.EmployeeManagementSystemApplication [main] No active profile set, falling back to 1 default profile: "default"
2023-04-24 15:14:12,301 INFO org.springframework.data.repository.config.RepositoryConfigurationDelegate [main] Bootstrapping Spring Data JPA repositories in DEFAULT mode.
2023-04-24 15:14:12,611 INFO org.springframework.data.repository.config.RepositoryConfigurationDelegate [main] Finished Spring Data repository scanning in 291 ms. Found 1 JPA repository interfaces.
2023-04-24 15:14:13,476 INFO org.springframework.boot.web.embedded.tomcat.TomcatWebServer [main] Tomcat initialized with port(s): 8089 (https)
2023-04-24 15:14:13,500 INFO org.apache.catalina.core.StandardService [main] Starting service [Tomcat]
2023-04-24 15:14:13,501 INFO org.apache.catalina.core.StandardEngine [main] Starting Servlet engine: [Apache Tomcat/9.0.74]
2023-04-24 15:14:13,751 INFO org.apache.catalina.core.ContainerBase.[Tomcat].[localhost].[/] [main] Initializing Spring embedded WebApplicationContext
2023-04-24 15:14:13,752 INFO org.springframework.boot.web.servlet.context.ServletWebServerApplicationContext [main] Root WebApplicationContext: initialization completed in 2487 ms
2023-04-24 15:14:14,094 INFO org.hibernate.jpa.internal.util.LogHelper [main] HHH000204: Processing PersistenceUnitInfo [name: default]
2023-04-24 15:14:14,221 INFO org.hibernate.Version [main] HHH000412: Hibernate ORM core version 5.6.15.Final
2023-04-24 15:14:14,527 INFO org.hibernate.annotations.common.Version [main] HCANN000001: Hibernate Commons Annotations {5.1.2.Final}
2023-04-24 15:14:14,764 INFO com.zaxxer.hikari.HikariDataSource [main] HikariPool-1 - Starting...
2023-04-24 15:14:15,459 INFO com.zaxxer.hikari.HikariDataSource [main] HikariPool-1 - Start completed.
2023-04-24 15:14:15,530 INFO org.hibernate.dialect.Dialect [main] HHH000400: Using dialect: org.hibernate.dialect.MySQL8Dialect
2023-04-24 15:14:16,830 INFO org.hibernate.engine.transaction.jta.platform.internal.JtaPlatformInitiator [main] HHH000490: Using JtaPlatform implementation: [org.hibernate.engine.transaction.jta.platform.internal.NoJtaPlatform]
2023-04-24 15:14:16,852 INFO org.springframework.orm.jpa.LocalContainerEntityManagerFactoryBean [main] Initialized JPA EntityManagerFactory for persistence unit 'default'
2023-04-24 15:14:17,476 WARN org.springframework.boot.autoconfigure.orm.jpa.JpaBaseConfiguration$JpaWebConfiguration [main] spring.jpa.open-in-view is enabled by default. Therefore, database queries may be performed during view rendering. Explicitly configure spring.jpa.open-in-view to disable this warning
2023-04-24 15:14:18,935 INFO org.apache.tomcat.util.net.NioEndpoint.certificate [main] Connector [https-jsse-nio-8089], TLS virtual host [_default_], certificate type [UNDEFINED] configured from [file:/C:/Users/gadha/OneDrive/Desktop/capstone/employee-management-system/target/classes/employee.jks] using alias [Spring-https] and with trust store [null]
2023-04-24 15:14:18,965 INFO org.springframework.boot.web.embedded.tomcat.TomcatWebServer [main] Tomcat started on port(s): 8089 (https) with context path ''
2023-04-24 15:14:18,981 INFO com.capstone.project.EmployeeManagementSystemApplication [main] Started EmployeeManagementSystemApplication in 8.574 seconds (JVM running for 10.332)
2023-04-24 15:14:29,125 INFO org.apache.catalina.core.ContainerBase.[Tomcat].[localhost].[/] [https-jsse-nio-8089-exec-6] Initializing Spring DispatcherServlet 'dispatcherServlet'
2023-04-24 15:14:29,127 INFO org.springframework.web.servlet.DispatcherServlet [https-jsse-nio-8089-exec-6] Initializing Servlet 'dispatcherServlet'
2023-04-24 15:14:29,133 INFO org.springframework.web.servlet.DispatcherServlet [https-jsse-nio-8089-exec-6] Completed initialization in 6 ms
2023-04-24 15:14:29,256 INFO com.capstone.project.controller.EmployeeController [https-jsse-nio-8089-exec-6] Record of employeeId(9)is called
2023-04-24 15:14:45,887 INFO com.capstone.project.controller.EmployeeController [https-jsse-nio-8089-exec-7] Record of employeeId(19)is called
2023-04-24 15:15:01,915 INFO org.springframework.boot.admin.SpringApplicationAdminMXBeanRegistrar$SpringApplicationAdmin [RMI TCP Connection(10)-127.0.0.1] Application shutdown requested.
2023-04-24 15:15:01,928 INFO org.apache.catalina.core.StandardService [RMI TCP Connection(10)-127.0.0.1] Stopping service [Tomcat]
2023-04-24 15:15:01,930 INFO org.apache.catalina.core.ContainerBase.[Tomcat].[localhost].[/] [RMI TCP Connection(10)-127.0.0.1] Destroying Spring FrameworkServlet 'dispatcherServlet'
2023-04-24 15:15:01,941 INFO org.springframework.boot.admin.SpringApplicationAdminMXBeanRegistrar$SpringApplicationAdmin [RMI TCP Connection(11)-127.0.0.1] Application shutdown requested.
2023-04-24 15:15:01,965 INFO org.springframework.orm.jpa.LocalContainerEntityManagerFactoryBean [RMI TCP Connection(10)-127.0.0.1] Closing JPA EntityManagerFactory for persistence unit 'default'
2023-04-24 15:15:01,968 INFO com.zaxxer.hikari.HikariDataSource [RMI TCP Connection(10)-127.0.0.1] HikariPool-1 - Shutdown initiated...
2023-04-24 15:15:01,977 INFO com.zaxxer.hikari.HikariDataSource [RMI TCP Connection(10)-127.0.0.1] HikariPool-1 - Shutdown completed.
2023-04-24 15:17:09,665 INFO org.springframework.boot.test.context.SpringBootTestContextBootstrapper [main] Neither @ContextConfiguration nor @ContextHierarchy found for test class [com.capstone.project.EmployeeServiceTest], using SpringBootContextLoader
2023-04-24 15:17:09,688 INFO org.springframework.test.context.support.AbstractContextLoader [main] Could not detect default resource locations for test class [com.capstone.project.EmployeeServiceTest]: no resource found for suffixes {-context.xml, Context.groovy}.
2023-04-24 15:17:09,690 INFO org.springframework.test.context.support.AnnotationConfigContextLoaderUtils [main] Could not detect default configuration classes for test class [com.capstone.project.EmployeeServiceTest]: EmployeeServiceTest does not declare any static, non-private, non-final, nested classes annotated with @Configuration.
2023-04-24 15:17:09,992 INFO org.springframework.boot.test.context.SpringBootTestContextBootstrapper [main] Found @SpringBootConfiguration com.capstone.project.EmployeeManagementSystemApplication for test class com.capstone.project.EmployeeServiceTest
2023-04-24 15:17:10,245 INFO org.springframework.boot.test.context.SpringBootTestContextBootstrapper [main] Loaded default TestExecutionListener class names from location [META-INF/spring.factories]: [org.springframework.boot.test.mock.mockito.MockitoTestExecutionListener, org.springframework.boot.test.mock.mockito.ResetMocksTestExecutionListener, org.springframework.boot.test.autoconfigure.restdocs.RestDocsTestExecutionListener, org.springframework.boot.test.autoconfigure.web.client.MockRestServiceServerResetTestExecutionListener, org.springframework.boot.test.autoconfigure.web.servlet.MockMvcPrintOnlyOnFailureTestExecutionListener, org.springframework.boot.test.autoconfigure.web.servlet.WebDriverTestExecutionListener, org.springframework.boot.test.autoconfigure.webservices.client.MockWebServiceServerTestExecutionListener, org.springframework.test.context.web.ServletTestExecutionListener, org.springframework.test.context.support.DirtiesContextBeforeModesTestExecutionListener, org.springframework.test.context.event.ApplicationEventsTestExecutionListener, org.springframework.test.context.support.DependencyInjectionTestExecutionListener, org.springframework.test.context.support.DirtiesContextTestExecutionListener, org.springframework.test.context.transaction.TransactionalTestExecutionListener, org.springframework.test.context.jdbc.SqlScriptsTestExecutionListener, org.springframework.test.context.event.EventPublishingTestExecutionListener]
2023-04-24 15:17:10,280 INFO org.springframework.boot.test.context.SpringBootTestContextBootstrapper [main] Using TestExecutionListeners: [org.springframework.test.context.web.ServletTestExecutionListener@61078690, org.springframework.test.context.support.DirtiesContextBeforeModesTestExecutionListener@1cb3ec38, org.springframework.test.context.event.ApplicationEventsTestExecutionListener@403132fc, org.springframework.boot.test.mock.mockito.MockitoTestExecutionListener@71c5b236, org.springframework.boot.test.autoconfigure.SpringBootDependencyInjectionTestExecutionListener@2cab9998, org.springframework.test.context.support.DirtiesContextTestExecutionListener@2f7a7219, org.springframework.test.context.transaction.TransactionalTestExecutionListener@669513d8, org.springframework.test.context.jdbc.SqlScriptsTestExecutionListener@3a1d593e, org.springframework.test.context.event.EventPublishingTestExecutionListener@4a8a60bc, org.springframework.boot.test.mock.mockito.ResetMocksTestExecutionListener@361c294e, org.springframework.boot.test.autoconfigure.restdocs.RestDocsTestExecutionListener@7859e786, org.springframework.boot.test.autoconfigure.web.client.MockRestServiceServerResetTestExecutionListener@285d851a, org.springframework.boot.test.autoconfigure.web.servlet.MockMvcPrintOnlyOnFailureTestExecutionListener@314b8f2d, org.springframework.boot.test.autoconfigure.web.servlet.WebDriverTestExecutionListener@664a9613, org.springframework.boot.test.autoconfigure.webservices.client.MockWebServiceServerTestExecutionListener@5118388b]
2023-04-24 15:17:10,941 INFO com.capstone.project.EmployeeServiceTest [main] Starting EmployeeServiceTest using Java 17.0.6 on DESKTOP-HMFA63M with PID 8616 (started by gadha in C:\Users\gadha\OneDrive\Desktop\capstone\employee-management-system)
2023-04-24 15:17:10,943 INFO com.capstone.project.EmployeeServiceTest [main] No active profile set, falling back to 1 default profile: "default"
2023-04-24 15:17:12,071 INFO org.springframework.data.repository.config.RepositoryConfigurationDelegate [main] Bootstrapping Spring Data JPA repositories in DEFAULT mode.
2023-04-24 15:17:12,330 INFO org.springframework.data.repository.config.RepositoryConfigurationDelegate [main] Finished Spring Data repository scanning in 242 ms. Found 1 JPA repository interfaces.
2023-04-24 15:17:13,312 INFO org.hibernate.jpa.internal.util.LogHelper [main] HHH000204: Processing PersistenceUnitInfo [name: default]
2023-04-24 15:17:13,409 INFO org.hibernate.Version [main] HHH000412: Hibernate ORM core version 5.6.15.Final
2023-04-24 15:17:13,716 INFO org.hibernate.annotations.common.Version [main] HCANN000001: Hibernate Commons Annotations {5.1.2.Final}
2023-04-24 15:17:13,962 INFO com.zaxxer.hikari.HikariDataSource [main] HikariPool-1 - Starting...
2023-04-24 15:17:14,612 INFO com.zaxxer.hikari.HikariDataSource [main] HikariPool-1 - Start completed.
2023-04-24 15:17:14,666 INFO org.hibernate.dialect.Dialect [main] HHH000400: Using dialect: org.hibernate.dialect.MySQL8Dialect
2023-04-24 15:17:15,693 INFO org.hibernate.engine.transaction.jta.platform.internal.JtaPlatformInitiator [main] HHH000490: Using JtaPlatform implementation: [org.hibernate.engine.transaction.jta.platform.internal.NoJtaPlatform]
2023-04-24 15:17:15,708 INFO org.springframework.orm.jpa.LocalContainerEntityManagerFactoryBean [main] Initialized JPA EntityManagerFactory for persistence unit 'default'
2023-04-24 15:17:16,760 WARN org.springframework.boot.autoconfigure.orm.jpa.JpaBaseConfiguration$JpaWebConfiguration [main] spring.jpa.open-in-view is enabled by default. Therefore, database queries may be performed during view rendering. Explicitly configure spring.jpa.open-in-view to disable this warning
2023-04-24 15:17:19,200 INFO com.capstone.project.EmployeeServiceTest [main] Started EmployeeServiceTest in 8.852 seconds (JVM running for 11.379)
2023-04-24 15:17:19,876 INFO org.springframework.orm.jpa.LocalContainerEntityManagerFactoryBean [SpringApplicationShutdownHook] Closing JPA EntityManagerFactory for persistence unit 'default'
2023-04-24 15:17:19,883 INFO com.zaxxer.hikari.HikariDataSource [SpringApplicationShutdownHook] HikariPool-1 - Shutdown initiated...
2023-04-24 15:17:19,913 INFO com.zaxxer.hikari.HikariDataSource [SpringApplicationShutdownHook] HikariPool-1 - Shutdown completed.
2023-04-24 15:25:15,531 INFO org.springframework.boot.test.context.SpringBootTestContextBootstrapper [main] Neither @ContextConfiguration nor @ContextHierarchy found for test class [com.capstone.project.EmployeeServiceTest], using SpringBootContextLoader
2023-04-24 15:25:15,543 INFO org.springframework.test.context.support.AbstractContextLoader [main] Could not detect default resource locations for test class [com.capstone.project.EmployeeServiceTest]: no resource found for suffixes {-context.xml, Context.groovy}.
2023-04-24 15:25:15,545 INFO org.springframework.test.context.support.AnnotationConfigContextLoaderUtils [main] Could not detect default configuration classes for test class [com.capstone.project.EmployeeServiceTest]: EmployeeServiceTest does not declare any static, non-private, non-final, nested classes annotated with @Configuration.
2023-04-24 15:25:15,714 INFO org.springframework.boot.test.context.SpringBootTestContextBootstrapper [main] Found @SpringBootConfiguration com.capstone.project.EmployeeManagementSystemApplication for test class com.capstone.project.EmployeeServiceTest
2023-04-24 15:25:15,879 INFO org.springframework.boot.test.context.SpringBootTestContextBootstrapper [main] Loaded default TestExecutionListener class names from location [META-INF/spring.factories]: [org.springframework.boot.test.mock.mockito.MockitoTestExecutionListener, org.springframework.boot.test.mock.mockito.ResetMocksTestExecutionListener, org.springframework.boot.test.autoconfigure.restdocs.RestDocsTestExecutionListener, org.springframework.boot.test.autoconfigure.web.client.MockRestServiceServerResetTestExecutionListener, org.springframework.boot.test.autoconfigure.web.servlet.MockMvcPrintOnlyOnFailureTestExecutionListener, org.springframework.boot.test.autoconfigure.web.servlet.WebDriverTestExecutionListener, org.springframework.boot.test.autoconfigure.webservices.client.MockWebServiceServerTestExecutionListener, org.springframework.test.context.web.ServletTestExecutionListener, org.springframework.test.context.support.DirtiesContextBeforeModesTestExecutionListener, org.springframework.test.context.event.ApplicationEventsTestExecutionListener, org.springframework.test.context.support.DependencyInjectionTestExecutionListener, org.springframework.test.context.support.DirtiesContextTestExecutionListener, org.springframework.test.context.transaction.TransactionalTestExecutionListener, org.springframework.test.context.jdbc.SqlScriptsTestExecutionListener, org.springframework.test.context.event.EventPublishingTestExecutionListener]
2023-04-24 15:25:15,916 INFO org.springframework.boot.test.context.SpringBootTestContextBootstrapper [main] Using TestExecutionListeners: [org.springframework.test.context.web.ServletTestExecutionListener@61078690, org.springframework.test.context.support.DirtiesContextBeforeModesTestExecutionListener@1cb3ec38, org.springframework.test.context.event.ApplicationEventsTestExecutionListener@403132fc, org.springframework.boot.test.mock.mockito.MockitoTestExecutionListener@71c5b236, org.springframework.boot.test.autoconfigure.SpringBootDependencyInjectionTestExecutionListener@2cab9998, org.springframework.test.context.support.DirtiesContextTestExecutionListener@2f7a7219, org.springframework.test.context.transaction.TransactionalTestExecutionListener@669513d8, org.springframework.test.context.jdbc.SqlScriptsTestExecutionListener@3a1d593e, org.springframework.test.context.event.EventPublishingTestExecutionListener@4a8a60bc, org.springframework.boot.test.mock.mockito.ResetMocksTestExecutionListener@361c294e, org.springframework.boot.test.autoconfigure.restdocs.RestDocsTestExecutionListener@7859e786, org.springframework.boot.test.autoconfigure.web.client.MockRestServiceServerResetTestExecutionListener@285d851a, org.springframework.boot.test.autoconfigure.web.servlet.MockMvcPrintOnlyOnFailureTestExecutionListener@314b8f2d, org.springframework.boot.test.autoconfigure.web.servlet.WebDriverTestExecutionListener@664a9613, org.springframework.boot.test.autoconfigure.webservices.client.MockWebServiceServerTestExecutionListener@5118388b]
2023-04-24 15:25:16,851 INFO com.capstone.project.EmployeeServiceTest [main] Starting EmployeeServiceTest using Java 17.0.6 on DESKTOP-HMFA63M with PID 15920 (started by gadha in C:\Users\gadha\OneDrive\Desktop\capstone\employee-management-system)
2023-04-24 15:25:16,854 INFO com.capstone.project.EmployeeServiceTest [main] No active profile set, falling back to 1 default profile: "default"
2023-04-24 15:25:18,017 INFO org.springframework.data.repository.config.RepositoryConfigurationDelegate [main] Bootstrapping Spring Data JPA repositories in DEFAULT mode.
2023-04-24 15:25:18,299 INFO org.springframework.data.repository.config.RepositoryConfigurationDelegate [main] Finished Spring Data repository scanning in 264 ms. Found 1 JPA repository interfaces.
2023-04-24 15:25:19,294 INFO org.hibernate.jpa.internal.util.LogHelper [main] HHH000204: Processing PersistenceUnitInfo [name: default]
2023-04-24 15:25:19,392 INFO org.hibernate.Version [main] HHH000412: Hibernate ORM core version 5.6.15.Final
2023-04-24 15:25:19,746 INFO org.hibernate.annotations.common.Version [main] HCANN000001: Hibernate Commons Annotations {5.1.2.Final}
2023-04-24 15:25:20,060 INFO com.zaxxer.hikari.HikariDataSource [main] HikariPool-1 - Starting...
2023-04-24 15:25:20,810 INFO com.zaxxer.hikari.HikariDataSource [main] HikariPool-1 - Start completed.
2023-04-24 15:25:20,899 INFO org.hibernate.dialect.Dialect [main] HHH000400: Using dialect: org.hibernate.dialect.MySQL8Dialect
2023-04-24 15:25:22,022 INFO org.hibernate.engine.transaction.jta.platform.internal.JtaPlatformInitiator [main] HHH000490: Using JtaPlatform implementation: [org.hibernate.engine.transaction.jta.platform.internal.NoJtaPlatform]
2023-04-24 15:25:22,038 INFO org.springframework.orm.jpa.LocalContainerEntityManagerFactoryBean [main] Initialized JPA EntityManagerFactory for persistence unit 'default'
2023-04-24 15:25:23,259 WARN org.springframework.boot.autoconfigure.orm.jpa.JpaBaseConfiguration$JpaWebConfiguration [main] spring.jpa.open-in-view is enabled by default. Therefore, database queries may be performed during view rendering. Explicitly configure spring.jpa.open-in-view to disable this warning
2023-04-24 15:25:25,820 INFO com.capstone.project.EmployeeServiceTest [main] Started EmployeeServiceTest in 9.799 seconds (JVM running for 12.191)
2023-04-24 15:25:26,529 INFO org.springframework.orm.jpa.LocalContainerEntityManagerFactoryBean [SpringApplicationShutdownHook] Closing JPA EntityManagerFactory for persistence unit 'default'
2023-04-24 15:25:26,538 INFO com.zaxxer.hikari.HikariDataSource [SpringApplicationShutdownHook] HikariPool-1 - Shutdown initiated...
2023-04-24 15:25:26,589 INFO com.zaxxer.hikari.HikariDataSource [SpringApplicationShutdownHook] HikariPool-1 - Shutdown completed.
2023-04-24 15:31:32,753 INFO com.capstone.project.EmployeeManagementSystemApplication [main] Starting EmployeeManagementSystemApplication using Java 17.0.6 on DESKTOP-HMFA63M with PID 5676 (C:\Users\gadha\OneDrive\Desktop\capstone\employee-management-system\target\classes started by gadha in C:\Users\gadha\OneDrive\Desktop\capstone\employee-management-system)
2023-04-24 15:31:32,758 INFO com.capstone.project.EmployeeManagementSystemApplication [main] No active profile set, falling back to 1 default profile: "default"
2023-04-24 15:31:33,985 INFO org.springframework.data.repository.config.RepositoryConfigurationDelegate [main] Bootstrapping Spring Data JPA repositories in DEFAULT mode.
2023-04-24 15:31:34,241 INFO org.springframework.data.repository.config.RepositoryConfigurationDelegate [main] Finished Spring Data repository scanning in 244 ms. Found 1 JPA repository interfaces.
2023-04-24 15:31:35,206 INFO org.springframework.boot.web.embedded.tomcat.TomcatWebServer [main] Tomcat initialized with port(s): 8089 (https)
2023-04-24 15:31:35,225 INFO org.apache.catalina.core.StandardService [main] Starting service [Tomcat]
2023-04-24 15:31:35,227 INFO org.apache.catalina.core.StandardEngine [main] Starting Servlet engine: [Apache Tomcat/9.0.74]
2023-04-24 15:31:35,464 INFO org.apache.catalina.core.ContainerBase.[Tomcat].[localhost].[/] [main] Initializing Spring embedded WebApplicationContext
2023-04-24 15:31:35,465 INFO org.springframework.boot.web.servlet.context.ServletWebServerApplicationContext [main] Root WebApplicationContext: initialization completed in 2608 ms
2023-04-24 15:31:35,812 INFO org.hibernate.jpa.internal.util.LogHelper [main] HHH000204: Processing PersistenceUnitInfo [name: default]
2023-04-24 15:31:35,907 INFO org.hibernate.Version [main] HHH000412: Hibernate ORM core version 5.6.15.Final
2023-04-24 15:31:36,210 INFO org.hibernate.annotations.common.Version [main] HCANN000001: Hibernate Commons Annotations {5.1.2.Final}
2023-04-24 15:31:36,375 INFO com.zaxxer.hikari.HikariDataSource [main] HikariPool-1 - Starting...
2023-04-24 15:31:36,996 INFO com.zaxxer.hikari.HikariDataSource [main] HikariPool-1 - Start completed.
2023-04-24 15:31:37,056 INFO org.hibernate.dialect.Dialect [main] HHH000400: Using dialect: org.hibernate.dialect.MySQL8Dialect
2023-04-24 15:31:38,037 INFO org.hibernate.engine.transaction.jta.platform.internal.JtaPlatformInitiator [main] HHH000490: Using JtaPlatform implementation: [org.hibernate.engine.transaction.jta.platform.internal.NoJtaPlatform]
2023-04-24 15:31:38,058 INFO org.springframework.orm.jpa.LocalContainerEntityManagerFactoryBean [main] Initialized JPA EntityManagerFactory for persistence unit 'default'
2023-04-24 15:31:38,646 WARN org.springframework.boot.autoconfigure.orm.jpa.JpaBaseConfiguration$JpaWebConfiguration [main] spring.jpa.open-in-view is enabled by default. Therefore, database queries may be performed during view rendering. Explicitly configure spring.jpa.open-in-view to disable this warning
2023-04-24 15:31:40,297 INFO org.apache.tomcat.util.net.NioEndpoint.certificate [main] Connector [https-jsse-nio-8089], TLS virtual host [_default_], certificate type [UNDEFINED] configured from [file:/C:/Users/gadha/OneDrive/Desktop/capstone/employee-management-system/target/classes/employee.jks] using alias [Spring-https] and with trust store [null]
2023-04-24 15:31:40,333 INFO org.springframework.boot.web.embedded.tomcat.TomcatWebServer [main] Tomcat started on port(s): 8089 (https) with context path ''
2023-04-24 15:31:40,355 INFO com.capstone.project.EmployeeManagementSystemApplication [main] Started EmployeeManagementSystemApplication in 8.446 seconds (JVM running for 10.444)
2023-04-24 15:31:53,923 INFO org.apache.catalina.core.ContainerBase.[Tomcat].[localhost].[/] [https-jsse-nio-8089-exec-6] Initializing Spring DispatcherServlet 'dispatcherServlet'
2023-04-24 15:31:53,925 INFO org.springframework.web.servlet.DispatcherServlet [https-jsse-nio-8089-exec-6] Initializing Servlet 'dispatcherServlet'
2023-04-24 15:31:53,929 INFO org.springframework.web.servlet.DispatcherServlet [https-jsse-nio-8089-exec-6] Completed initialization in 4 ms
2023-04-24 15:31:54,047 INFO com.capstone.project.controller.EmployeeController [https-jsse-nio-8089-exec-6] Record of employeeId(7)is called
2023-04-24 15:32:10,100 INFO org.springframework.boot.test.context.SpringBootTestContextBootstrapper [main] Neither @ContextConfiguration nor @ContextHierarchy found for test class [com.capstone.project.EmployeeServiceTest], using SpringBootContextLoader
2023-04-24 15:32:10,119 INFO org.springframework.test.context.support.AbstractContextLoader [main] Could not detect default resource locations for test class [com.capstone.project.EmployeeServiceTest]: no resource found for suffixes {-context.xml, Context.groovy}.
2023-04-24 15:32:10,121 INFO org.springframework.test.context.support.AnnotationConfigContextLoaderUtils [main] Could not detect default configuration classes for test class [com.capstone.project.EmployeeServiceTest]: EmployeeServiceTest does not declare any static, non-private, non-final, nested classes annotated with @Configuration.
2023-04-24 15:32:10,380 INFO org.springframework.boot.test.context.SpringBootTestContextBootstrapper [main] Found @SpringBootConfiguration com.capstone.project.EmployeeManagementSystemApplication for test class com.capstone.project.EmployeeServiceTest
2023-04-24 15:32:10,554 INFO org.springframework.boot.test.context.SpringBootTestContextBootstrapper [main] Loaded default TestExecutionListener class names from location [META-INF/spring.factories]: [org.springframework.boot.test.mock.mockito.MockitoTestExecutionListener, org.springframework.boot.test.mock.mockito.ResetMocksTestExecutionListener, org.springframework.boot.test.autoconfigure.restdocs.RestDocsTestExecutionListener, org.springframework.boot.test.autoconfigure.web.client.MockRestServiceServerResetTestExecutionListener, org.springframework.boot.test.autoconfigure.web.servlet.MockMvcPrintOnlyOnFailureTestExecutionListener, org.springframework.boot.test.autoconfigure.web.servlet.WebDriverTestExecutionListener, org.springframework.boot.test.autoconfigure.webservices.client.MockWebServiceServerTestExecutionListener, org.springframework.test.context.web.ServletTestExecutionListener, org.springframework.test.context.support.DirtiesContextBeforeModesTestExecutionListener, org.springframework.test.context.event.ApplicationEventsTestExecutionListener, org.springframework.test.context.support.DependencyInjectionTestExecutionListener, org.springframework.test.context.support.DirtiesContextTestExecutionListener, org.springframework.test.context.transaction.TransactionalTestExecutionListener, org.springframework.test.context.jdbc.SqlScriptsTestExecutionListener, org.springframework.test.context.event.EventPublishingTestExecutionListener]
2023-04-24 15:32:10,582 INFO org.springframework.boot.test.context.SpringBootTestContextBootstrapper [main] Using TestExecutionListeners: [org.springframework.test.context.web.ServletTestExecutionListener@61078690, org.springframework.test.context.support.DirtiesContextBeforeModesTestExecutionListener@1cb3ec38, org.springframework.test.context.event.ApplicationEventsTestExecutionListener@403132fc, org.springframework.boot.test.mock.mockito.MockitoTestExecutionListener@71c5b236, org.springframework.boot.test.autoconfigure.SpringBootDependencyInjectionTestExecutionListener@2cab9998, org.springframework.test.context.support.DirtiesContextTestExecutionListener@2f7a7219, org.springframework.test.context.transaction.TransactionalTestExecutionListener@669513d8, org.springframework.test.context.jdbc.SqlScriptsTestExecutionListener@3a1d593e, org.springframework.test.context.event.EventPublishingTestExecutionListener@4a8a60bc, org.springframework.boot.test.mock.mockito.ResetMocksTestExecutionListener@361c294e, org.springframework.boot.test.autoconfigure.restdocs.RestDocsTestExecutionListener@7859e786, org.springframework.boot.test.autoconfigure.web.client.MockRestServiceServerResetTestExecutionListener@285d851a, org.springframework.boot.test.autoconfigure.web.servlet.MockMvcPrintOnlyOnFailureTestExecutionListener@314b8f2d, org.springframework.boot.test.autoconfigure.web.servlet.WebDriverTestExecutionListener@664a9613, org.springframework.boot.test.autoconfigure.webservices.client.MockWebServiceServerTestExecutionListener@5118388b]
2023-04-24 15:32:11,181 INFO com.capstone.project.EmployeeServiceTest [main] Starting EmployeeServiceTest using Java 17.0.6 on DESKTOP-HMFA63M with PID 2760 (started by gadha in C:\Users\gadha\OneDrive\Desktop\capstone\employee-management-system)
2023-04-24 15:32:11,183 INFO com.capstone.project.EmployeeServiceTest [main] No active profile set, falling back to 1 default profile: "default"
2023-04-24 15:32:12,415 INFO org.springframework.data.repository.config.RepositoryConfigurationDelegate [main] Bootstrapping Spring Data JPA repositories in DEFAULT mode.
2023-04-24 15:32:12,750 INFO org.springframework.data.repository.config.RepositoryConfigurationDelegate [main] Finished Spring Data repository scanning in 304 ms. Found 1 JPA repository interfaces.
2023-04-24 15:32:13,756 INFO org.hibernate.jpa.internal.util.LogHelper [main] HHH000204: Processing PersistenceUnitInfo [name: default]
2023-04-24 15:32:13,866 INFO org.hibernate.Version [main] HHH000412: Hibernate ORM core version 5.6.15.Final
2023-04-24 15:32:14,242 INFO org.hibernate.annotations.common.Version [main] HCANN000001: Hibernate Commons Annotations {5.1.2.Final}
2023-04-24 15:32:14,544 INFO com.zaxxer.hikari.HikariDataSource [main] HikariPool-1 - Starting...
2023-04-24 15:32:15,391 INFO com.zaxxer.hikari.HikariDataSource [main] HikariPool-1 - Start completed.
2023-04-24 15:32:15,475 INFO org.hibernate.dialect.Dialect [main] HHH000400: Using dialect: org.hibernate.dialect.MySQL8Dialect
2023-04-24 15:32:16,640 INFO org.hibernate.engine.transaction.jta.platform.internal.JtaPlatformInitiator [main] HHH000490: Using JtaPlatform implementation: [org.hibernate.engine.transaction.jta.platform.internal.NoJtaPlatform]
2023-04-24 15:32:16,657 INFO org.springframework.orm.jpa.LocalContainerEntityManagerFactoryBean [main] Initialized JPA EntityManagerFactory for persistence unit 'default'
2023-04-24 15:32:17,641 WARN org.springframework.boot.autoconfigure.orm.jpa.JpaBaseConfiguration$JpaWebConfiguration [main] spring.jpa.open-in-view is enabled by default. Therefore, database queries may be performed during view rendering. Explicitly configure spring.jpa.open-in-view to disable this warning
2023-04-24 15:32:19,889 INFO com.capstone.project.EmployeeServiceTest [main] Started EmployeeServiceTest in 9.244 seconds (JVM running for 12.066)
2023-04-24 15:32:20,469 INFO org.springframework.orm.jpa.LocalContainerEntityManagerFactoryBean [SpringApplicationShutdownHook] Closing JPA EntityManagerFactory for persistence unit 'default'
2023-04-24 15:32:20,474 INFO com.zaxxer.hikari.HikariDataSource [SpringApplicationShutdownHook] HikariPool-1 - Shutdown initiated...
2023-04-24 15:32:20,488 INFO com.zaxxer.hikari.HikariDataSource [SpringApplicationShutdownHook] HikariPool-1 - Shutdown completed.
2023-04-24 15:35:20,153 INFO com.capstone.project.controller.EmployeeController [https-jsse-nio-8089-exec-1] Record of employeeId(7)is called
2023-04-24 15:49:20,472 INFO org.springframework.boot.admin.SpringApplicationAdminMXBeanRegistrar$SpringApplicationAdmin [RMI TCP Connection(26)-127.0.0.1] Application shutdown requested.
2023-04-24 15:49:20,487 INFO org.apache.catalina.core.StandardService [RMI TCP Connection(26)-127.0.0.1] Stopping service [Tomcat]
2023-04-24 15:49:20,492 INFO org.apache.catalina.core.ContainerBase.[Tomcat].[localhost].[/] [RMI TCP Connection(26)-127.0.0.1] Destroying Spring FrameworkServlet 'dispatcherServlet'
2023-04-24 15:49:20,536 INFO org.springframework.orm.jpa.LocalContainerEntityManagerFactoryBean [RMI TCP Connection(26)-127.0.0.1] Closing JPA EntityManagerFactory for persistence unit 'default'
2023-04-24 15:49:20,540 INFO com.zaxxer.hikari.HikariDataSource [RMI TCP Connection(26)-127.0.0.1] HikariPool-1 - Shutdown initiated...
2023-04-24 15:49:20,553 INFO com.zaxxer.hikari.HikariDataSource [RMI TCP Connection(26)-127.0.0.1] HikariPool-1 - Shutdown completed.
